Build started 10/18/2014 7:23:09 AM.
     1>Project "C:\Users\Ioan\documents\visual studio 2013\Projects\Sorting\Sorting\Sorting.vcxproj" on node 2 (Build target(s)).
     1>ClCompile:
         C:\Program Files (x86)\Microsoft Visual Studio 12.0\VC\bin\CL.exe /c /ZI /nologo /W3 /WX- /sdl /Od /Oy- /D _MBCS /Gm /EHsc /RTC1 /MDd /GS /fp:precise /Zc:wchar_t /Zc:forScope /Fo"Debug\\" /Fd"Debug\vc120.pdb" /Gd /TP /analyze- /errorReport:prompt Main.cpp
         Main.cpp
     1>c:\users\ioan\documents\visual studio 2013\projects\sorting\sorting\main.cpp(71): warning C4018: '<' : signed/unsigned mismatch
     1>c:\users\ioan\documents\visual studio 2013\projects\sorting\sorting\main.cpp(82): warning C4018: '<' : signed/unsigned mismatch
     1>c:\users\ioan\documents\visual studio 2013\projects\sorting\sorting\main.cpp(86): warning C4018: '<' : signed/unsigned mismatch
     1>c:\users\ioan\documents\visual studio 2013\projects\sorting\sorting\main.cpp(104): warning C4018: '<' : signed/unsigned mismatch
     1>c:\users\ioan\documents\visual studio 2013\projects\sorting\sorting\main.cpp(125): warning C4018: '<' : signed/unsigned mismatch
     1>c:\users\ioan\documents\visual studio 2013\projects\sorting\sorting\main.cpp(127): warning C4018: '<' : signed/unsigned mismatch
     1>c:\users\ioan\documents\visual studio 2013\projects\sorting\sorting\main.cpp(148): warning C4018: '<' : signed/unsigned mismatch
     1>c:\users\ioan\documents\visual studio 2013\projects\sorting\sorting\main.cpp(295): warning C4018: '<' : signed/unsigned mismatch
       Link:
         C:\Program Files (x86)\Microsoft Visual Studio 12.0\VC\bin\link.exe /ERRORREPORT:PROMPT /OUT:"C:\Users\Ioan\documents\visual studio 2013\Projects\Sorting\Debug\Sorting.exe" /INCREMENTAL /NOLOGO kernel32.lib user32.lib gdi32.lib winspool.lib comdlg32.lib advapi32.lib shell32.lib ole32.lib oleaut32.lib uuid.lib odbc32.lib odbccp32.lib /MANIFEST /MANIFESTUAC:"level='asInvoker' uiAccess='false'" /manifest:embed /DEBUG /PDB:"C:\Users\Ioan\documents\visual studio 2013\Projects\Sorting\Debug\Sorting.pdb" /TLBID:1 /DYNAMICBASE /NXCOMPAT /IMPLIB:"C:\Users\Ioan\documents\visual studio 2013\Projects\Sorting\Debug\Sorting.lib" /MACHINE:X86 Debug\Heap.obj
         Debug\Main.obj
         Sorting.vcxproj -> C:\Users\Ioan\documents\visual studio 2013\Projects\Sorting\Debug\Sorting.exe
     1>Done Building Project "C:\Users\Ioan\documents\visual studio 2013\Projects\Sorting\Sorting\Sorting.vcxproj" (Build target(s)).

Build succeeded.

Time Elapsed 00:00:00.79
